ERROR 2025-10-30T15:25:58.578+00:00 ThreadId(18) [1P:op-settings/src/store/json_store.rs:82] Os { code: 2, kind: NotFound, message: "No such file or directory" }
INFO  2025-10-30T15:25:58.578+00:00 ThreadId(18) [1P:op-settings/src/store/json_store.rs:118] Settings file "/home/<redacted-username>/.config/1Password/settings/settings.json" missing, using defaults.
WARN  2025-10-30T15:25:58.578+00:00 ThreadId(18) [1P:foundation/op-startup/src/linux.rs:20] Yama is absent or ptrace_scope is set to 0.
INFO  2025-10-30T15:25:58.578+00:00 ThreadId(18) [client:typescript] Client starting.
ERROR 2025-10-30T15:25:58.741+00:00 ThreadId(18) [1P:op-crash-reporting/src/crash_report.rs:156] Failed to load crash reports from disk: Os { code: 2, kind: NotFound, message: "No such file or directory" }
INFO  2025-10-30T15:25:58.741+00:00 ThreadId(18) [1P:op-localization/src/lib.rs:239] system locale detected as 'en-US'
INFO  2025-10-30T15:25:58.741+00:00 ThreadId(18) [1P:op-localization/src/lib.rs:265] selected translations for EN_US based on detected locale en-US
INFO  2025-10-30T15:25:58.741+00:00 ThreadId(18) [status:app/op-app/src/app.rs:1030] App::new(1Password for Linux/81116035 (EN_US), /home/<redacted-username>/.config/1Password)
INFO  2025-10-30T15:25:58.745+00:00 ThreadId(18) [1P:data/op-db/src/common/mod.rs:186] Core DB Integrity Check Succeeded
INFO  2025-10-30T15:25:58.745+00:00 ThreadId(18) [1P:data/op-db/src/core_db/db.rs:145] Starting Core DB at version: 0
INFO  2025-10-30T15:25:58.745+00:00 ThreadId(18) [1P:data/op-db/src/core_db/db.rs:163] Database is being created at '/home/<redacted-username>/.config/1Password/1password.sqlite' (sqlite: 3050002)
INFO  2025-10-30T15:25:58.747+00:00 ThreadId(18) [1P:data/op-db/src/core_db/db.rs:564] Updated DB Schema to version 001
INFO  2025-10-30T15:25:58.748+00:00 ThreadId(18) [1P:data/op-db/src/core_db/db.rs:588] Updated DB Schema to version 002
INFO  2025-10-30T15:25:58.749+00:00 ThreadId(18) [1P:data/op-db/src/core_db/db.rs:600] Updated DB Schema to version 003
INFO  2025-10-30T15:25:58.749+00:00 ThreadId(18) [1P:data/op-db/src/core_db/db.rs:616] Updated DB Schema to version 005
INFO  2025-10-30T15:25:58.750+00:00 ThreadId(18) [1P:data/op-db/src/core_db/db.rs:632] Updated DB Schema to version 006
INFO  2025-10-30T15:25:58.751+00:00 ThreadId(18) [1P:data/op-db/src/core_db/db.rs:646] Updated DB Schema to version 007
INFO  2025-10-30T15:25:58.751+00:00 ThreadId(18) [1P:data/op-db/src/core_db/db.rs:660] Updated DB Schema to version 008
INFO  2025-10-30T15:25:58.752+00:00 ThreadId(18) [1P:data/op-db/src/core_db/db.rs:674] Updated DB Schema to version 009
INFO  2025-10-30T15:25:58.753+00:00 ThreadId(18) [1P:data/op-db/src/core_db/db.rs:688] Updated DB Schema to version 011
INFO  2025-10-30T15:25:58.753+00:00 ThreadId(18) [1P:data/op-db/src/core_db/db.rs:703] Updated DB Schema to version 012
INFO  2025-10-30T15:25:58.753+00:00 ThreadId(18) [1P:data/op-db/src/core_db/db.rs:717] Updated DB Schema to version 013
INFO  2025-10-30T15:25:58.754+00:00 ThreadId(18) [1P:data/op-db/src/core_db/db.rs:731] Updated DB Schema to version 014
INFO  2025-10-30T15:25:58.754+00:00 ThreadId(18) [1P:data/op-db/src/core_db/db.rs:745] Updated DB Schema to version 015
INFO  2025-10-30T15:25:58.755+00:00 ThreadId(18) [1P:data/op-db/src/core_db/db.rs:759] Updated DB Schema to version 016
INFO  2025-10-30T15:25:58.756+00:00 ThreadId(18) [1P:data/op-db/src/core_db/db.rs:773] Updated DB Schema to version 017
INFO  2025-10-30T15:25:58.757+00:00 ThreadId(18) [1P:data/op-db/src/core_db/db.rs:787] Updated DB Schema to version 018
INFO  2025-10-30T15:25:58.758+00:00 ThreadId(18) [1P:data/op-db/src/core_db/db.rs:801] Updated DB Schema to version 019
INFO  2025-10-30T15:25:58.759+00:00 ThreadId(18) [1P:data/op-db/src/core_db/db.rs:918] Updated DB Schema to version 021
INFO  2025-10-30T15:25:58.760+00:00 ThreadId(18) [1P:data/op-db/src/core_db/db.rs:932] Updated DB Schema to version 022
INFO  2025-10-30T15:25:58.761+00:00 ThreadId(18) [1P:data/op-db/src/core_db/db.rs:946] Updated DB Schema to version 023
INFO  2025-10-30T15:25:58.762+00:00 ThreadId(18) [1P:data/op-db/src/core_db/db.rs:960] Updated DB Schema to version 024
INFO  2025-10-30T15:25:58.763+00:00 ThreadId(18) [1P:data/op-db/src/core_db/db.rs:974] Updated DB Schema to version 025
INFO  2025-10-30T15:25:58.763+00:00 ThreadId(18) [1P:data/op-db/src/core_db/db.rs:1090] Updated DB Schema to version 026
INFO  2025-10-30T15:25:58.764+00:00 ThreadId(18) [1P:data/op-db/src/core_db/db.rs:1104] Updated DB Schema to version 027
INFO  2025-10-30T15:25:58.765+00:00 ThreadId(18) [1P:data/op-db/src/core_db/db.rs:1118] Updated DB Schema to version 028
INFO  2025-10-30T15:25:58.766+00:00 ThreadId(18) [1P:data/op-db/src/core_db/db.rs:1132] Updated DB Schema to version 029
INFO  2025-10-30T15:25:58.766+00:00 ThreadId(18) [1P:data/op-db/src/core_db/db.rs:1146] Updated DB Schema to version 030
INFO  2025-10-30T15:25:58.767+00:00 ThreadId(18) [1P:data/op-db/src/core_db/db.rs:1159] Updated DB Schema to version 031
INFO  2025-10-30T15:25:58.767+00:00 ThreadId(18) [1P:data/op-db/src/core_db/db.rs:1172] Updated DB Schema to version 032
INFO  2025-10-30T15:25:58.768+00:00 ThreadId(18) [1P:data/op-db/src/core_db/db.rs:1185] Updated DB Schema to version 033
INFO  2025-10-30T15:25:58.769+00:00 ThreadId(18) [1P:data/op-db/src/core_db/db.rs:1198] Updated DB Schema to version 034
INFO  2025-10-30T15:25:58.770+00:00 ThreadId(18) [1P:data/op-db/src/core_db/db.rs:1211] Updated DB Schema to version 035
INFO  2025-10-30T15:25:58.771+00:00 ThreadId(18) [1P:data/op-db/src/core_db/db.rs:1224] Updated DB Schema to version 036
INFO  2025-10-30T15:25:58.771+00:00 ThreadId(18) [1P:data/op-db/src/core_db/db.rs:1237] Updated DB Schema to version 037
INFO  2025-10-30T15:25:58.772+00:00 ThreadId(18) [1P:data/op-db/src/core_db/db.rs:1250] Updated DB Schema to version 038
INFO  2025-10-30T15:25:58.773+00:00 ThreadId(18) [1P:data/op-db/src/core_db/db.rs:1262] Updated DB Schema to version 039
INFO  2025-10-30T15:25:58.773+00:00 ThreadId(18) [1P:data/op-db/src/core_db/db.rs:1275] Updated DB Schema to version 040
INFO  2025-10-30T15:25:58.774+00:00 ThreadId(18) [1P:data/op-db/src/core_db/db.rs:1288] Updated DB Schema to version 041
INFO  2025-10-30T15:25:58.774+00:00 ThreadId(18) [1P:data/op-db/src/core_db/db.rs:1301] Updated DB Schema to version 042
INFO  2025-10-30T15:25:58.775+00:00 ThreadId(18) [1P:data/op-db/src/core_db/db.rs:1314] Updated DB Schema to version 043
INFO  2025-10-30T15:25:58.776+00:00 ThreadId(18) [1P:data/op-db/src/core_db/db.rs:1330] Updated DB Schema to version 044
INFO  2025-10-30T15:25:58.777+00:00 ThreadId(18) [1P:data/op-db/src/core_db/db.rs:1343] Updated DB Schema to version 045
INFO  2025-10-30T15:25:58.777+00:00 ThreadId(18) [1P:data/op-db/src/core_db/db.rs:1356] Updated DB Schema to version 046
INFO  2025-10-30T15:25:58.777+00:00 ThreadId(18) [1P:data/op-db/src/common/mod.rs:155] Core DB Table Integrity Check Succeeded
INFO  2025-10-30T15:25:58.780+00:00 ThreadId(18) [1P:data/op-db/src/common/mod.rs:186] Resources DB Integrity Check Succeeded
INFO  2025-10-30T15:25:58.780+00:00 ThreadId(18) [1P:data/op-db/src/common/mod.rs:155] Resources DB Table Integrity Check Succeeded
INFO  2025-10-30T15:25:58.780+00:00 ThreadId(18) [1P:data/op-db/src/resources_db/db.rs:110] Starting Resources DB at version: 0
INFO  2025-10-30T15:25:58.780+00:00 ThreadId(18) [1P:data/op-db/src/resources_db/db.rs:122] Resources Database is being created at '/home/<redacted-username>/.config/1Password/1password_resources.sqlite' (sqlite: 3050002)
INFO  2025-10-30T15:25:58.782+00:00 ThreadId(18) [1P:data/op-db/src/resources_db/db.rs:220] Updated DB Schema to version 001
ERROR 2025-10-30T15:25:58.891+00:00 ThreadId(18) [1P:/mnt/ephemeral/builds/dev/core/core/ssh/op-ssh-config/src/lib.rs:251] Failed to start ssh config file watcher: Io(Os { code: 2, kind: NotFound, message: "No such file or directory" })
INFO  2025-10-30T15:25:58.892+00:00 ThreadId(18) [1P:native-messaging/op-nm-installer/src/nix_utils.rs:48] Creating manifest directory for Chromium at /home/<redacted-username>/.config/google-chrome/NativeMessagingHosts
INFO  2025-10-30T15:25:58.892+00:00 ThreadId(18) [1P:native-messaging/op-nm-installer/src/nix_utils.rs:68] Created NMH manifest at /home/<redacted-username>/.config/google-chrome/NativeMessagingHosts/com.1password.1password.json
INFO  2025-10-30T15:25:58.892+00:00 ThreadId(18) [1P:native-messaging/op-nm-installer/src/nix_utils.rs:48] Creating manifest directory for Chromium at /home/<redacted-username>/.config/google-chrome-beta/NativeMessagingHosts
INFO  2025-10-30T15:25:58.893+00:00 ThreadId(18) [1P:native-messaging/op-nm-installer/src/nix_utils.rs:68] Created NMH manifest at /home/<redacted-username>/.config/google-chrome-beta/NativeMessagingHosts/com.1password.1password.json
INFO  2025-10-30T15:25:58.893+00:00 ThreadId(18) [1P:native-messaging/op-nm-installer/src/nix_utils.rs:48] Creating manifest directory for Chromium at /home/<redacted-username>/.config/google-chrome-unstable/NativeMessagingHosts
INFO  2025-10-30T15:25:58.893+00:00 ThreadId(18) [1P:native-messaging/op-nm-installer/src/nix_utils.rs:68] Created NMH manifest at /home/<redacted-username>/.config/google-chrome-unstable/NativeMessagingHosts/com.1password.1password.json
INFO  2025-10-30T15:25:58.893+00:00 ThreadId(18) [1P:native-messaging/op-nm-installer/src/nix_utils.rs:48] Creating manifest directory for Chromium at /home/<redacted-username>/.config/chromium/NativeMessagingHosts
INFO  2025-10-30T15:25:58.893+00:00 ThreadId(18) [1P:native-messaging/op-nm-installer/src/nix_utils.rs:68] Created NMH manifest at /home/<redacted-username>/.config/chromium/NativeMessagingHosts/com.1password.1password.json
INFO  2025-10-30T15:25:58.893+00:00 ThreadId(18) [1P:native-messaging/op-nm-installer/src/nix_utils.rs:48] Creating manifest directory for Chromium at /home/<redacted-username>/.config/microsoft-edge-dev/NativeMessagingHosts
INFO  2025-10-30T15:25:58.893+00:00 ThreadId(18) [1P:native-messaging/op-nm-installer/src/nix_utils.rs:68] Created NMH manifest at /home/<redacted-username>/.config/microsoft-edge-dev/NativeMessagingHosts/com.1password.1password.json
INFO  2025-10-30T15:25:58.893+00:00 ThreadId(18) [1P:native-messaging/op-nm-installer/src/nix_utils.rs:48] Creating manifest directory for Chromium at /home/<redacted-username>/.config/BraveSoftware/Brave-Browser/NativeMessagingHosts
INFO  2025-10-30T15:25:58.893+00:00 ThreadId(18) [1P:native-messaging/op-nm-installer/src/nix_utils.rs:68] Created NMH manifest at /home/<redacted-username>/.config/BraveSoftware/Brave-Browser/NativeMessagingHosts/com.1password.1password.json
INFO  2025-10-30T15:25:58.893+00:00 ThreadId(18) [1P:native-messaging/op-nm-installer/src/nix_utils.rs:48] Creating manifest directory for Chromium at /home/<redacted-username>/.config/vivaldi/NativeMessagingHosts
INFO  2025-10-30T15:25:58.893+00:00 ThreadId(18) [1P:native-messaging/op-nm-installer/src/nix_utils.rs:68] Created NMH manifest at /home/<redacted-username>/.config/vivaldi/NativeMessagingHosts/com.1password.1password.json
INFO  2025-10-30T15:25:58.893+00:00 ThreadId(18) [1P:native-messaging/op-nm-installer/src/nix_utils.rs:48] Creating manifest directory for Chromium at /home/<redacted-username>/.config/vivaldi-snapshot/NativeMessagingHosts
INFO  2025-10-30T15:25:58.893+00:00 ThreadId(18) [1P:native-messaging/op-nm-installer/src/nix_utils.rs:68] Created NMH manifest at /home/<redacted-username>/.config/vivaldi-snapshot/NativeMessagingHosts/com.1password.1password.json
INFO  2025-10-30T15:25:58.893+00:00 ThreadId(18) [1P:native-messaging/op-nm-installer/src/nix_utils.rs:48] Creating manifest directory for Firefox at /home/<redacted-username>/.mozilla/native-messaging-hosts
INFO  2025-10-30T15:25:58.893+00:00 ThreadId(18) [1P:native-messaging/op-nm-installer/src/nix_utils.rs:68] Created NMH manifest at /home/<redacted-username>/.mozilla/native-messaging-hosts/com.1password.1password.json
INFO  2025-10-30T15:25:58.893+00:00 ThreadId(18) [1P:native-messaging/op-nm-installer/src/nix_utils.rs:83] Successfully installed all native messaging manifests.
INFO  2025-10-30T15:25:58.893+00:00 runtime-worker(ThreadId(14)) [1P:op-global-shortcuts/src/node.rs:38] Global shortcut registration is not available on this system.
INFO  2025-10-30T15:25:58.894+00:00 ThreadId(18) [1P:app/op-app/src/app.rs:1688] initializing Developer Environment mount handler
INFO  2025-10-30T15:25:58.893+00:00 runtime-worker(ThreadId(13)) [1P:op-global-shortcuts/src/node.rs:38] Global shortcut registration is not available on this system.
INFO  2025-10-30T15:25:58.894+00:00 runtime-worker(ThreadId(14)) [1P:app/op-app-common/src/unlocked_session_keepalive.rs:70] Starting unlocked session keepalive
INFO  2025-10-30T15:25:58.894+00:00 runtime-worker(ThreadId(1)) [1P:native-messaging/op-nm-installer/src/nix_utils.rs:68] Created NMH manifest at /home/<redacted-username>/.config/google-chrome/NativeMessagingHosts/com.1password.1password.json
INFO  2025-10-30T15:25:58.894+00:00 runtime-worker(ThreadId(1)) [1P:native-messaging/op-nm-installer/src/nix_utils.rs:68] Created NMH manifest at /home/<redacted-username>/.config/google-chrome-beta/NativeMessagingHosts/com.1password.1password.json
INFO  2025-10-30T15:25:58.894+00:00 runtime-worker(ThreadId(1)) [1P:native-messaging/op-nm-installer/src/nix_utils.rs:68] Created NMH manifest at /home/<redacted-username>/.config/google-chrome-unstable/NativeMessagingHosts/com.1password.1password.json
INFO  2025-10-30T15:25:58.894+00:00 runtime-worker(ThreadId(1)) [1P:native-messaging/op-nm-installer/src/nix_utils.rs:68] Created NMH manifest at /home/<redacted-username>/.config/chromium/NativeMessagingHosts/com.1password.1password.json
INFO  2025-10-30T15:25:58.894+00:00 runtime-worker(ThreadId(1)) [1P:native-messaging/op-nm-installer/src/nix_utils.rs:68] Created NMH manifest at /home/<redacted-username>/.config/microsoft-edge-dev/NativeMessagingHosts/com.1password.1password.json
INFO  2025-10-30T15:25:58.894+00:00 runtime-worker(ThreadId(1)) [1P:native-messaging/op-nm-installer/src/nix_utils.rs:68] Created NMH manifest at /home/<redacted-username>/.config/BraveSoftware/Brave-Browser/NativeMessagingHosts/com.1password.1password.json
INFO  2025-10-30T15:25:58.894+00:00 runtime-worker(ThreadId(1)) [1P:native-messaging/op-nm-installer/src/nix_utils.rs:68] Created NMH manifest at /home/<redacted-username>/.config/vivaldi/NativeMessagingHosts/com.1password.1password.json
INFO  2025-10-30T15:25:58.894+00:00 runtime-worker(ThreadId(1)) [1P:native-messaging/op-nm-installer/src/nix_utils.rs:68] Created NMH manifest at /home/<redacted-username>/.config/vivaldi-snapshot/NativeMessagingHosts/com.1password.1password.json
INFO  2025-10-30T15:25:58.894+00:00 runtime-worker(ThreadId(1)) [1P:native-messaging/op-nm-installer/src/nix_utils.rs:68] Created NMH manifest at /home/<redacted-username>/.mozilla/native-messaging-hosts/com.1password.1password.json
INFO  2025-10-30T15:25:58.894+00:00 runtime-worker(ThreadId(1)) [1P:native-messaging/op-nm-installer/src/nix_utils.rs:83] Successfully installed all native messaging manifests.
ERROR 2025-10-30T15:25:58.894+00:00 runtime-worker(ThreadId(13)) [1P:native-messaging/op-native-core-integration/src/lib.rs:618] Listener on SETTING_STATUS has been dropped, unable to communicate changes made to browser SLS setting
INFO  2025-10-30T15:25:58.894+00:00 runtime-worker(ThreadId(11)) [1P:native-messaging/op-native-core-integration/src/lib.rs:428] Starting IPC listener on 1Password-BrowserSupport
ERROR 2025-10-30T15:25:58.894+00:00 ThreadId(18) [1P:ffi/op-core-node/src/lib.rs:558] Io(Os { code: 2, kind: NotFound, message: "No such file or directory" })
INFO  2025-10-30T15:25:58.894+00:00 runtime-worker(ThreadId(13)) [1P:native-messaging/op-native-core-integration/src/lib.rs:440] Active native core integration is awaiting messages
INFO  2025-10-30T15:25:58.895+00:00 runtime-worker(ThreadId(1)) [1P:ssh/op-agent-controller/src/lib.rs:573] Starting filesystem watcher for SSH agent configuration directories...
ERROR 2025-10-30T15:25:58.896+00:00 runtime-worker(ThreadId(1)) [1P:/mnt/ephemeral/builds/dev/core/core/ssh/op-agent-controller/src/lib.rs:574] Io(Os { code: 2, kind: NotFound, message: "No such file or directory" })
ERROR 2025-10-30T15:25:58.981+00:00 ThreadId(18) [client:typescript] Could not load window state.
INFO  2025-10-30T15:26:00.611+00:00 runtime-worker(ThreadId(1)) [1P:app/op-app/src/app/backend/mycelium/unauthorized_device_start.rs:93] MYCELIUM UNAUTHORIZED DEVICE FORWARD FLOW SIGN-IN -- starting new sign-in session
INFO  2025-10-30T15:26:00.611+00:00 runtime-worker(ThreadId(1)) [1P:foundation/op-feature-gate/src/feature_store.rs:938] MYCELIUM PRE-REGISTRATION FLAGS: Reading forward flag value as true
INFO  2025-10-30T15:26:00.611+00:00 runtime-worker(ThreadId(1)) [1P:app/op-app/src/app/backend/task_handle.rs:48] Starting mycelium-active-sign-in task
INFO  2025-10-30T15:26:00.611+00:00 runtime-worker(ThreadId(1)) [1P:app/op-app/src/app/backend/mycelium/unauthorized_device_start.rs:275] MYCELIUM UNAUTHORIZED DEVICE FORWARD FLOW SIGN-IN -- starting channel create loop
INFO  2025-10-30T15:26:00.821+00:00 runtime-worker(ThreadId(16)) [1P:app/op-app/src/app/backend/mycelium/unauthorized_device_start.rs:292] MYCELIUM UNAUTHORIZED DEVICE FORWARD FLOW SIGN-IN -- created Mycelium channel on region code Com
INFO  2025-10-30T15:26:17.680+00:00 runtime-worker(ThreadId(16)) [1P:app/op-app/src/app/backend/mycelium/unauthorized_device_start.rs:337] MYCELIUM UNAUTHORIZED DEVICE FORWARD FLOW SIGN-IN -- APDNZH2ULC6YVLDJXKV4GIVF3Y channel connected
INFO  2025-10-30T15:26:21.757+00:00 runtime-worker(ThreadId(16)) [1P:app/op-app/src/app/backend/mycelium/unauthorized_device_start.rs:232] MYCELIUM UNAUTHORIZED DEVICE FORWARD FLOW SIGN-IN -- allow device prompt accepted and credentials successfully received
INFO  2025-10-30T15:26:21.757+00:00 runtime-worker(ThreadId(16)) [1P:data/op-add-account/src/first_sync.rs:487] starting initial account sync
INFO  2025-10-30T15:26:22.638+00:00 runtime-worker(ThreadId(13)) [1P:native-messaging/op-nm-settings/src/lib.rs:190] Account len modified 0 vs 1
INFO  2025-10-30T15:26:22.638+00:00 runtime-worker(ThreadId(11)) [1P:native-messaging/op-nm-settings/src/lib.rs:147] Initial account added, defining default SLS state
INFO  2025-10-30T15:26:22.638+00:00 runtime-worker(ThreadId(1)) [1P:native-messaging/op-native-core-integration/src/lib.rs:446] Setting has been toggled on/off, restarting native core integration
INFO  2025-10-30T15:26:22.638+00:00 runtime-worker(ThreadId(13)) [1P:native-messaging/op-nm-installer/src/nix_utils.rs:104] Removed NMH manifest at /home/<redacted-username>/.config/google-chrome/NativeMessagingHosts/com.1password.1password.json
INFO  2025-10-30T15:26:22.638+00:00 runtime-worker(ThreadId(1)) [1P:native-messaging/op-native-core-integration/src/lib.rs:378] Mute native core integration is waiting for a restartable event
INFO  2025-10-30T15:26:22.638+00:00 runtime-worker(ThreadId(13)) [1P:native-messaging/op-nm-installer/src/nix_utils.rs:104] Removed NMH manifest at /home/<redacted-username>/.config/google-chrome-beta/NativeMessagingHosts/com.1password.1password.json
INFO  2025-10-30T15:26:22.638+00:00 runtime-worker(ThreadId(13)) [1P:native-messaging/op-nm-installer/src/nix_utils.rs:104] Removed NMH manifest at /home/<redacted-username>/.config/google-chrome-unstable/NativeMessagingHosts/com.1password.1password.json
INFO  2025-10-30T15:26:22.638+00:00 runtime-worker(ThreadId(13)) [1P:native-messaging/op-nm-installer/src/nix_utils.rs:104] Removed NMH manifest at /home/<redacted-username>/.config/chromium/NativeMessagingHosts/com.1password.1password.json
INFO  2025-10-30T15:26:22.638+00:00 runtime-worker(ThreadId(13)) [1P:native-messaging/op-nm-installer/src/nix_utils.rs:104] Removed NMH manifest at /home/<redacted-username>/.config/microsoft-edge-dev/NativeMessagingHosts/com.1password.1password.json
INFO  2025-10-30T15:26:22.638+00:00 runtime-worker(ThreadId(13)) [1P:native-messaging/op-nm-installer/src/nix_utils.rs:104] Removed NMH manifest at /home/<redacted-username>/.config/BraveSoftware/Brave-Browser/NativeMessagingHosts/com.1password.1password.json
INFO  2025-10-30T15:26:22.638+00:00 runtime-worker(ThreadId(13)) [1P:native-messaging/op-nm-installer/src/nix_utils.rs:104] Removed NMH manifest at /home/<redacted-username>/.config/vivaldi/NativeMessagingHosts/com.1password.1password.json
INFO  2025-10-30T15:26:22.638+00:00 runtime-worker(ThreadId(13)) [1P:native-messaging/op-nm-installer/src/nix_utils.rs:104] Removed NMH manifest at /home/<redacted-username>/.config/vivaldi-snapshot/NativeMessagingHosts/com.1password.1password.json
INFO  2025-10-30T15:26:22.638+00:00 runtime-worker(ThreadId(13)) [1P:native-messaging/op-nm-installer/src/nix_utils.rs:104] Removed NMH manifest at /home/<redacted-username>/.mozilla/native-messaging-hosts/com.1password.1password.json
INFO  2025-10-30T15:26:22.638+00:00 runtime-worker(ThreadId(13)) [1P:native-messaging/op-nm-installer/src/nix_utils.rs:124] Removed 9 Native Messaging Host manifests
INFO  2025-10-30T15:26:22.780+00:00 runtime-worker(ThreadId(16)) [1P:data/op-syncer/src/sync_job.rs:484] synced account 7EOOQQ34TRDAZBLR5WAKFHJS3U (0.787089806s)
INFO  2025-10-30T15:26:22.894+00:00 runtime-worker(ThreadId(16)) [1P:/mnt/ephemeral/builds/dev/core/core/data/ext/op-account-ext-settings-authentication/src/lib.rs:242] loaded settings authentication key: none
INFO  2025-10-30T15:26:22.895+00:00 runtime-worker(ThreadId(1)) [1P:data/ext/op-account-ext-items/src/lib.rs:270] loaded 0 items in 5 vaults for account: 7EOOQQ34TRDAZBLR5WAKFHJS3U
INFO  2025-10-30T15:26:22.895+00:00 runtime-worker(ThreadId(1)) [1P:service/op-service-sync/src/lib.rs:159] starting refresher task during initial account sign-in
INFO  2025-10-30T15:26:22.895+00:00 runtime-worker(ThreadId(16)) [1P:op-telemetry/src/middleware/opt_state.rs:122] op-telemetry: account uuid '7EOOQQ34TRDAZBLR5WAKFHJS3U' changed telemetry state to Decided(Out)
INFO  2025-10-30T15:26:22.895+00:00 runtime-worker(ThreadId(11)) [1P:app/op-app/src/app/backend/mycelium/shared.rs:533] Mycelium Sign-in succeeded
ERROR 2025-10-30T15:26:22.895+00:00 runtime-worker(ThreadId(1)) [1P:/mnt/ephemeral/builds/dev/core/core/app/op-app/src/app/components/policies.rs:54] Failed to get PolicyAuthenticationKey from any account
INFO  2025-10-30T15:26:22.895+00:00 runtime-worker(ThreadId(11)) [1P:app/op-app/src/app/backend/task_handle.rs:40] Finished mycelium-active-sign-in task
ERROR 2025-10-30T15:26:22.896+00:00 runtime-worker(ThreadId(11)) [1P:op-auto-lock/src/linux.rs:220] Could not connect to the X server: XcbEventError
INFO  2025-10-30T15:26:22.896+00:00 runtime-worker(ThreadId(13)) [1P:data/ext/op-account-ext-settings-authentication/src/lib.rs:364] No and/or corrupt account setting authentication key, generating a new one.
INFO  2025-10-30T15:26:22.896+00:00 runtime-worker(ThreadId(13)) [1P:data/ext/op-account-ext-settings-authentication/src/lib.rs:388] applying setting authentication key (f9a064706989f65e) to account (7EOOQQ34TRDAZBLR5WAKFHJS3U).
INFO  2025-10-30T15:26:22.896+00:00 runtime-worker(ThreadId(13)) [1P:op-settings/src/store/json_store.rs:787] initializing settings authentication with key f9a064706989f65e
ERROR 2025-10-30T15:26:22.896+00:00 runtime-worker(ThreadId(9)) [1P:op-settings/src/store/json_store.rs:82] Os { code: 2, kind: NotFound, message: "No such file or directory" }
INFO  2025-10-30T15:26:22.896+00:00 runtime-worker(ThreadId(13)) [1P:app/op-app/src/app/backend/unlock.rs:192] Lock state changed: Unlocked
INFO  2025-10-30T15:26:22.896+00:00 runtime-worker(ThreadId(13)) [1P:app/op-app/src/app/backend/essential_setup.rs:190] SLS Migration Result: Performed
INFO  2025-10-30T15:26:22.896+00:00 runtime-worker(ThreadId(11)) [1P:op-settings/src/store/json_store.rs:118] Settings file "/home/<redacted-username>/.config/1Password/settings/settings.json" missing, using defaults.
INFO  2025-10-30T15:26:22.896+00:00 runtime-worker(ThreadId(13)) [1P:op-settings/src/store/json_store.rs:75] Settings file created @ 2025-10-30 15:26:22.896443148 UTC and last modified @ 2025-10-30 15:26:22.896443148 UTC
INFO  2025-10-30T15:26:22.896+00:00 runtime-worker(ThreadId(13)) [1P:native-messaging/op-native-core-integration/src/lib.rs:386] Setting has been toggled on/off, restarting native core integration
INFO  2025-10-30T15:26:22.896+00:00 runtime-worker(ThreadId(13)) [1P:native-messaging/op-native-core-integration/src/lib.rs:428] Starting IPC listener on 1Password-BrowserSupport
INFO  2025-10-30T15:26:22.897+00:00 runtime-worker(ThreadId(9)) [1P:op-settings/src/store/json_store.rs:75] Settings file created @ 2025-10-30 15:26:22.896443148 UTC and last modified @ 2025-10-30 15:26:22.897064469 UTC
INFO  2025-10-30T15:26:22.897+00:00 runtime-worker(ThreadId(14)) [1P:native-messaging/op-native-core-integration/src/lib.rs:440] Active native core integration is awaiting messages
INFO  2025-10-30T15:26:22.897+00:00 runtime-worker(ThreadId(1)) [1P:op-settings/src/store/json_store.rs:75] Settings file created @ 2025-10-30 15:26:22.896443148 UTC and last modified @ 2025-10-30 15:26:22.897064469 UTC
INFO  2025-10-30T15:26:22.897+00:00 runtime-worker(ThreadId(14)) [1P:native-messaging/op-native-core-integration/src/lib.rs:446] Setting has been toggled on/off, restarting native core integration
INFO  2025-10-30T15:26:22.897+00:00 runtime-worker(ThreadId(14)) [1P:native-messaging/op-native-core-integration/src/lib.rs:428] Starting IPC listener on 1Password-BrowserSupport
INFO  2025-10-30T15:26:22.897+00:00 runtime-worker(ThreadId(11)) [1P:native-messaging/op-nm-installer/src/nix_utils.rs:68] Created NMH manifest at /home/<redacted-username>/.config/google-chrome/NativeMessagingHosts/com.1password.1password.json
INFO  2025-10-30T15:26:22.897+00:00 runtime-worker(ThreadId(11)) [1P:native-messaging/op-nm-installer/src/nix_utils.rs:68] Created NMH manifest at /home/<redacted-username>/.config/google-chrome-beta/NativeMessagingHosts/com.1password.1password.json
INFO  2025-10-30T15:26:22.897+00:00 runtime-worker(ThreadId(10)) [1P:native-messaging/op-native-core-integration/src/lib.rs:440] Active native core integration is awaiting messages
INFO  2025-10-30T15:26:22.897+00:00 runtime-worker(ThreadId(10)) [1P:native-messaging/op-native-core-integration/src/lib.rs:446] Setting has been toggled on/off, restarting native core integration
INFO  2025-10-30T15:26:22.897+00:00 runtime-worker(ThreadId(10)) [1P:native-messaging/op-native-core-integration/src/lib.rs:428] Starting IPC listener on 1Password-BrowserSupport
INFO  2025-10-30T15:26:22.897+00:00 runtime-worker(ThreadId(11)) [1P:native-messaging/op-nm-installer/src/nix_utils.rs:68] Created NMH manifest at /home/<redacted-username>/.config/google-chrome-unstable/NativeMessagingHosts/com.1password.1password.json
INFO  2025-10-30T15:26:22.897+00:00 runtime-worker(ThreadId(11)) [1P:native-messaging/op-nm-installer/src/nix_utils.rs:68] Created NMH manifest at /home/<redacted-username>/.config/chromium/NativeMessagingHosts/com.1password.1password.json
INFO  2025-10-30T15:26:22.897+00:00 runtime-worker(ThreadId(11)) [1P:native-messaging/op-nm-installer/src/nix_utils.rs:68] Created NMH manifest at /home/<redacted-username>/.config/microsoft-edge-dev/NativeMessagingHosts/com.1password.1password.json
INFO  2025-10-30T15:26:22.897+00:00 runtime-worker(ThreadId(11)) [1P:native-messaging/op-nm-installer/src/nix_utils.rs:68] Created NMH manifest at /home/<redacted-username>/.config/BraveSoftware/Brave-Browser/NativeMessagingHosts/com.1password.1password.json
INFO  2025-10-30T15:26:22.897+00:00 runtime-worker(ThreadId(11)) [1P:native-messaging/op-nm-installer/src/nix_utils.rs:68] Created NMH manifest at /home/<redacted-username>/.config/vivaldi/NativeMessagingHosts/com.1password.1password.json
INFO  2025-10-30T15:26:22.897+00:00 runtime-worker(ThreadId(14)) [1P:native-messaging/op-native-core-integration/src/lib.rs:440] Active native core integration is awaiting messages
INFO  2025-10-30T15:26:22.897+00:00 runtime-worker(ThreadId(11)) [1P:native-messaging/op-nm-installer/src/nix_utils.rs:68] Created NMH manifest at /home/<redacted-username>/.config/vivaldi-snapshot/NativeMessagingHosts/com.1password.1password.json
INFO  2025-10-30T15:26:22.897+00:00 runtime-worker(ThreadId(14)) [1P:native-messaging/op-native-core-integration/src/lib.rs:446] Setting has been toggled on/off, restarting native core integration
INFO  2025-10-30T15:26:22.897+00:00 runtime-worker(ThreadId(14)) [1P:native-messaging/op-native-core-integration/src/lib.rs:428] Starting IPC listener on 1Password-BrowserSupport
INFO  2025-10-30T15:26:22.897+00:00 runtime-worker(ThreadId(14)) [1P:native-messaging/op-native-core-integration/src/lib.rs:440] Active native core integration is awaiting messages
INFO  2025-10-30T15:26:22.897+00:00 runtime-worker(ThreadId(11)) [1P:native-messaging/op-nm-installer/src/nix_utils.rs:68] Created NMH manifest at /home/<redacted-username>/.mozilla/native-messaging-hosts/com.1password.1password.json
INFO  2025-10-30T15:26:22.897+00:00 runtime-worker(ThreadId(11)) [1P:native-messaging/op-nm-installer/src/nix_utils.rs:83] Successfully installed all native messaging manifests.
INFO  2025-10-30T15:26:22.898+00:00 runtime-worker(ThreadId(11)) [1P:native-messaging/op-nm-installer/src/nix_utils.rs:68] Created NMH manifest at /home/<redacted-username>/.config/google-chrome/NativeMessagingHosts/com.1password.1password.json
INFO  2025-10-30T15:26:22.898+00:00 runtime-worker(ThreadId(11)) [1P:native-messaging/op-nm-installer/src/nix_utils.rs:68] Created NMH manifest at /home/<redacted-username>/.config/google-chrome-beta/NativeMessagingHosts/com.1password.1password.json
INFO  2025-10-30T15:26:22.898+00:00 runtime-worker(ThreadId(11)) [1P:native-messaging/op-nm-installer/src/nix_utils.rs:68] Created NMH manifest at /home/<redacted-username>/.config/google-chrome-unstable/NativeMessagingHosts/com.1password.1password.json
INFO  2025-10-30T15:26:22.898+00:00 runtime-worker(ThreadId(11)) [1P:native-messaging/op-nm-installer/src/nix_utils.rs:68] Created NMH manifest at /home/<redacted-username>/.config/chromium/NativeMessagingHosts/com.1password.1password.json
INFO  2025-10-30T15:26:22.898+00:00 runtime-worker(ThreadId(11)) [1P:native-messaging/op-nm-installer/src/nix_utils.rs:68] Created NMH manifest at /home/<redacted-username>/.config/microsoft-edge-dev/NativeMessagingHosts/com.1password.1password.json
INFO  2025-10-30T15:26:22.898+00:00 runtime-worker(ThreadId(11)) [1P:native-messaging/op-nm-installer/src/nix_utils.rs:68] Created NMH manifest at /home/<redacted-username>/.config/BraveSoftware/Brave-Browser/NativeMessagingHosts/com.1password.1password.json
INFO  2025-10-30T15:26:22.898+00:00 runtime-worker(ThreadId(11)) [1P:native-messaging/op-nm-installer/src/nix_utils.rs:68] Created NMH manifest at /home/<redacted-username>/.config/vivaldi/NativeMessagingHosts/com.1password.1password.json
INFO  2025-10-30T15:26:22.898+00:00 runtime-worker(ThreadId(11)) [1P:native-messaging/op-nm-installer/src/nix_utils.rs:68] Created NMH manifest at /home/<redacted-username>/.config/vivaldi-snapshot/NativeMessagingHosts/com.1password.1password.json
INFO  2025-10-30T15:26:22.898+00:00 runtime-worker(ThreadId(11)) [1P:native-messaging/op-nm-installer/src/nix_utils.rs:68] Created NMH manifest at /home/<redacted-username>/.mozilla/native-messaging-hosts/com.1password.1password.json
INFO  2025-10-30T15:26:22.898+00:00 runtime-worker(ThreadId(11)) [1P:native-messaging/op-nm-installer/src/nix_utils.rs:83] Successfully installed all native messaging manifests.
INFO  2025-10-30T15:26:22.898+00:00 runtime-worker(ThreadId(11)) [1P:native-messaging/op-nm-installer/src/nix_utils.rs:68] Created NMH manifest at /home/<redacted-username>/.config/google-chrome/NativeMessagingHosts/com.1password.1password.json
INFO  2025-10-30T15:26:22.898+00:00 runtime-worker(ThreadId(11)) [1P:native-messaging/op-nm-installer/src/nix_utils.rs:68] Created NMH manifest at /home/<redacted-username>/.config/google-chrome-beta/NativeMessagingHosts/com.1password.1password.json
INFO  2025-10-30T15:26:22.898+00:00 runtime-worker(ThreadId(11)) [1P:native-messaging/op-nm-installer/src/nix_utils.rs:68] Created NMH manifest at /home/<redacted-username>/.config/google-chrome-unstable/NativeMessagingHosts/com.1password.1password.json
INFO  2025-10-30T15:26:22.898+00:00 runtime-worker(ThreadId(11)) [1P:native-messaging/op-nm-installer/src/nix_utils.rs:68] Created NMH manifest at /home/<redacted-username>/.config/chromium/NativeMessagingHosts/com.1password.1password.json
INFO  2025-10-30T15:26:22.898+00:00 runtime-worker(ThreadId(11)) [1P:native-messaging/op-nm-installer/src/nix_utils.rs:68] Created NMH manifest at /home/<redacted-username>/.config/microsoft-edge-dev/NativeMessagingHosts/com.1password.1password.json
INFO  2025-10-30T15:26:22.898+00:00 runtime-worker(ThreadId(11)) [1P:native-messaging/op-nm-installer/src/nix_utils.rs:68] Created NMH manifest at /home/<redacted-username>/.config/BraveSoftware/Brave-Browser/NativeMessagingHosts/com.1password.1password.json
INFO  2025-10-30T15:26:22.898+00:00 runtime-worker(ThreadId(11)) [1P:native-messaging/op-nm-installer/src/nix_utils.rs:68] Created NMH manifest at /home/<redacted-username>/.config/vivaldi/NativeMessagingHosts/com.1password.1password.json
INFO  2025-10-30T15:26:22.898+00:00 runtime-worker(ThreadId(11)) [1P:native-messaging/op-nm-installer/src/nix_utils.rs:68] Created NMH manifest at /home/<redacted-username>/.config/vivaldi-snapshot/NativeMessagingHosts/com.1password.1password.json
INFO  2025-10-30T15:26:22.898+00:00 runtime-worker(ThreadId(11)) [1P:native-messaging/op-nm-installer/src/nix_utils.rs:68] Created NMH manifest at /home/<redacted-username>/.mozilla/native-messaging-hosts/com.1password.1password.json
INFO  2025-10-30T15:26:22.898+00:00 runtime-worker(ThreadId(11)) [1P:native-messaging/op-nm-installer/src/nix_utils.rs:83] Successfully installed all native messaging manifests.
INFO  2025-10-30T15:26:22.899+00:00 runtime-worker(ThreadId(11)) [1P:native-messaging/op-nm-installer/src/nix_utils.rs:68] Created NMH manifest at /home/<redacted-username>/.config/google-chrome/NativeMessagingHosts/com.1password.1password.json
INFO  2025-10-30T15:26:22.899+00:00 runtime-worker(ThreadId(11)) [1P:native-messaging/op-nm-installer/src/nix_utils.rs:68] Created NMH manifest at /home/<redacted-username>/.config/google-chrome-beta/NativeMessagingHosts/com.1password.1password.json
INFO  2025-10-30T15:26:22.899+00:00 runtime-worker(ThreadId(11)) [1P:native-messaging/op-nm-installer/src/nix_utils.rs:68] Created NMH manifest at /home/<redacted-username>/.config/google-chrome-unstable/NativeMessagingHosts/com.1password.1password.json
INFO  2025-10-30T15:26:22.899+00:00 runtime-worker(ThreadId(11)) [1P:native-messaging/op-nm-installer/src/nix_utils.rs:68] Created NMH manifest at /home/<redacted-username>/.config/chromium/NativeMessagingHosts/com.1password.1password.json
INFO  2025-10-30T15:26:22.899+00:00 runtime-worker(ThreadId(11)) [1P:native-messaging/op-nm-installer/src/nix_utils.rs:68] Created NMH manifest at /home/<redacted-username>/.config/microsoft-edge-dev/NativeMessagingHosts/com.1password.1password.json
INFO  2025-10-30T15:26:22.899+00:00 runtime-worker(ThreadId(11)) [1P:native-messaging/op-nm-installer/src/nix_utils.rs:68] Created NMH manifest at /home/<redacted-username>/.config/BraveSoftware/Brave-Browser/NativeMessagingHosts/com.1password.1password.json
INFO  2025-10-30T15:26:22.899+00:00 runtime-worker(ThreadId(11)) [1P:native-messaging/op-nm-installer/src/nix_utils.rs:68] Created NMH manifest at /home/<redacted-username>/.config/vivaldi/NativeMessagingHosts/com.1password.1password.json
INFO  2025-10-30T15:26:22.899+00:00 runtime-worker(ThreadId(11)) [1P:native-messaging/op-nm-installer/src/nix_utils.rs:68] Created NMH manifest at /home/<redacted-username>/.config/vivaldi-snapshot/NativeMessagingHosts/com.1password.1password.json
INFO  2025-10-30T15:26:22.899+00:00 runtime-worker(ThreadId(11)) [1P:native-messaging/op-nm-installer/src/nix_utils.rs:68] Created NMH manifest at /home/<redacted-username>/.mozilla/native-messaging-hosts/com.1password.1password.json
INFO  2025-10-30T15:26:22.899+00:00 runtime-worker(ThreadId(11)) [1P:native-messaging/op-nm-installer/src/nix_utils.rs:83] Successfully installed all native messaging manifests.
INFO  2025-10-30T15:26:22.905+00:00 ThreadId(18) [client:typescript] Settings file changed.
INFO  2025-10-30T15:26:22.907+00:00 ThreadId(18) [client:typescript] Settings file changed.
INFO  2025-10-30T15:26:23.046+00:00 runtime-worker(ThreadId(71)) [1P:app/op-app/src/app/backend/quick_access.rs:186] Getting suggestions for quick access
INFO  2025-10-30T15:26:23.052+00:00 runtime-worker(ThreadId(69)) [1P:app/op-app/src/app/backend/quick_access.rs:186] Getting suggestions for quick access
INFO  2025-10-30T15:26:23.090+00:00 runtime-worker(ThreadId(11)) [1P:app/op-app/src/app/backend/unlock.rs:221] Processing unlocked account 7EOOQQ34TRDAZBLR5WAKFHJS3U
INFO  2025-10-30T15:26:23.093+00:00 runtime-worker(ThreadId(10)) [1P:data/ext/op-account-ext-syncer/src/lib.rs:254] The B5 Notifier for (7EOOQQ34TRDAZBLR5WAKFHJS3U) has connected, now monitoring for events.
INFO  2025-10-30T15:26:23.572+00:00 runtime-worker(ThreadId(14)) [1P:app/op-app/src/app/backend/unlock.rs:345] Auto-lock duration recieved one-time update
INFO  2025-10-30T15:26:23.572+00:00 runtime-worker(ThreadId(14)) [1P:op-settings/src/store/json_store.rs:75] Settings file created @ 2025-10-30 15:26:22.896443148 UTC and last modified @ 2025-10-30 15:26:22.897064469 UTC
INFO  2025-10-30T15:26:23.572+00:00 runtime-worker(ThreadId(14)) [1P:op-settings/src/store/json_store.rs:75] Settings file created @ 2025-10-30 15:26:22.896443148 UTC and last modified @ 2025-10-30 15:26:23.572452288 UTC
ERROR 2025-10-30T15:26:23.575+00:00 runtime-worker(ThreadId(10)) [1P:ffi/op-core-node/src/lib.rs:136] Item list call aborted by a new call
INFO  2025-10-30T15:26:23.580+00:00 runtime-worker(ThreadId(69)) [1P:app/op-app/src/app/backend/quick_access.rs:186] Getting suggestions for quick access
ERROR 2025-10-30T15:26:24.897+00:00 runtime-worker(ThreadId(12)) [1P:data/op-syncer/src/system_vault.rs:29] Error creating system vault for account (7EOOQQ34TRDAZBLR5WAKFHJS3U): FetchDataError(FetchError(<unknown reason>, code: HttpStatus(400), Session ID: Some(Session ID: FB5UH2DQZBE75FKWY2DT32NFR4)))
INFO  2025-10-30T15:26:24.897+00:00 runtime-worker(ThreadId(12)) [1P:data/op-syncer/src/sync_job.rs:484] synced account 7EOOQQ34TRDAZBLR5WAKFHJS3U (1.835269844s)
INFO  2025-10-30T15:26:24.897+00:00 runtime-worker(ThreadId(12)) [1P:service/op-service-sync/src/lib.rs:169] shutting down refresher task
INFO  2025-10-30T15:26:24.897+00:00 runtime-worker(ThreadId(16)) [1P:op-file-transfer/src/lib.rs:715] find_and_complete_pending_uploads: '7EOOQQ34TRDAZBLR5WAKFHJS3U'
INFO  2025-10-30T15:26:24.902+00:00 runtime-worker(ThreadId(71)) [1P:app/op-app/src/app/backend/quick_access.rs:186] Getting suggestions for quick access
ERROR 2025-10-30T15:26:25.054+00:00 runtime-worker(ThreadId(11)) [1P:data/op-syncer/src/system_vault.rs:29] Error creating system vault for account (7EOOQQ34TRDAZBLR5WAKFHJS3U): FetchDataError(FetchError(<unknown reason>, code: HttpStatus(400), Session ID: Some(Session ID: FB5UH2DQZBE75FKWY2DT32NFR4)))
INFO  2025-10-30T15:26:25.054+00:00 runtime-worker(ThreadId(11)) [1P:data/op-syncer/src/sync_job.rs:484] synced account 7EOOQQ34TRDAZBLR5WAKFHJS3U (0.074247159s)
INFO  2025-10-30T15:26:25.057+00:00 runtime-worker(ThreadId(71)) [1P:app/op-app/src/app/backend/quick_access.rs:186] Getting suggestions for quick access
INFO  2025-10-30T15:26:28.295+00:00 runtime-worker(ThreadId(11)) [1P:op-settings/src/store/json_store.rs:75] Settings file created @ 2025-10-30 15:26:22.896443148 UTC and last modified @ 2025-10-30 15:26:23.572452288 UTC
INFO  2025-10-30T15:26:28.295+00:00 runtime-worker(ThreadId(11)) [1P:op-settings/src/store/json_store.rs:75] Settings file created @ 2025-10-30 15:26:22.896443148 UTC and last modified @ 2025-10-30 15:26:28.295516144 UTC
INFO  2025-10-30T15:26:28.295+00:00 ThreadId(18) [client:typescript] Settings file changed.
INFO  2025-10-30T15:26:29.784+00:00 runtime-worker(ThreadId(11)) [1P:data/op-account-system-unlock/src/lib.rs:806] Adding system unlock key. Verifying keysets can be decrypted.
INFO  2025-10-30T15:26:29.786+00:00 runtime-worker(ThreadId(11)) [1P:data/op-account-system-unlock/src/lib.rs:812] Adding system unlock key. Encrypting muk.
INFO  2025-10-30T15:26:29.787+00:00 ThreadId(23) [1P:data/op-account-system-unlock/src/lib.rs:818] Adding system unlock key. Updating account.
