INFO  2025-11-09T02:33:58.417+00:00 ThreadId(18) [1P:op-settings/src/store/json_store.rs:75] Settings file created @ 2025-10-30 15:26:22.896443148 UTC and last modified @ 2025-10-30 15:26:28.295516144 UTC
WARN  2025-11-09T02:33:58.420+00:00 ThreadId(18) [1P:foundation/op-startup/src/linux.rs:20] Yama is absent or ptrace_scope is set to 0.
INFO  2025-11-09T02:33:58.423+00:00 ThreadId(18) [client:typescript] Client starting.
ERROR 2025-11-09T02:33:59.244+00:00 ThreadId(18) [1P:op-crash-reporting/src/crash_report.rs:156] Failed to load crash reports from disk: Os { code: 2, kind: NotFound, message: "No such file or directory" }
INFO  2025-11-09T02:33:59.247+00:00 ThreadId(18) [1P:op-localization/src/lib.rs:239] system locale detected as 'en-US'
INFO  2025-11-09T02:33:59.247+00:00 ThreadId(18) [1P:op-localization/src/lib.rs:265] selected translations for EN_US based on detected locale en-US
INFO  2025-11-09T02:33:59.247+00:00 ThreadId(18) [status:app/op-app/src/app.rs:1030] App::new(1Password for Linux/81116035 (EN_US), /home/<redacted-username>/.config/1Password)
INFO  2025-11-09T02:33:59.254+00:00 ThreadId(18) [1P:data/op-db/src/common/mod.rs:186] Core DB Integrity Check Succeeded
INFO  2025-11-09T02:33:59.254+00:00 ThreadId(18) [1P:data/op-db/src/core_db/db.rs:145] Starting Core DB at version: 46
INFO  2025-11-09T02:33:59.255+00:00 ThreadId(18) [1P:data/op-db/src/common/mod.rs:155] Core DB Table Integrity Check Succeeded
INFO  2025-11-09T02:33:59.256+00:00 ThreadId(18) [1P:data/op-db/src/common/mod.rs:186] Resources DB Integrity Check Succeeded
INFO  2025-11-09T02:33:59.256+00:00 ThreadId(18) [1P:data/op-db/src/common/mod.rs:155] Resources DB Table Integrity Check Succeeded
INFO  2025-11-09T02:33:59.256+00:00 ThreadId(18) [1P:data/op-db/src/resources_db/db.rs:110] Starting Resources DB at version: 1
ERROR 2025-11-09T02:33:59.335+00:00 ThreadId(18) [1P:/mnt/ephemeral/builds/dev/core/core/ssh/op-ssh-config/src/lib.rs:251] Failed to start ssh config file watcher: Io(Os { code: 2, kind: NotFound, message: "No such file or directory" })
INFO  2025-11-09T02:33:59.338+00:00 ThreadId(18) [1P:native-messaging/op-nm-installer/src/nix_utils.rs:68] Created NMH manifest at /home/<redacted-username>/.config/google-chrome/NativeMessagingHosts/com.1password.1password.json
INFO  2025-11-09T02:33:59.338+00:00 ThreadId(18) [1P:native-messaging/op-nm-installer/src/nix_utils.rs:68] Created NMH manifest at /home/<redacted-username>/.config/google-chrome-beta/NativeMessagingHosts/com.1password.1password.json
INFO  2025-11-09T02:33:59.338+00:00 ThreadId(18) [1P:native-messaging/op-nm-installer/src/nix_utils.rs:68] Created NMH manifest at /home/<redacted-username>/.config/google-chrome-unstable/NativeMessagingHosts/com.1password.1password.json
INFO  2025-11-09T02:33:59.338+00:00 ThreadId(18) [1P:native-messaging/op-nm-installer/src/nix_utils.rs:68] Created NMH manifest at /home/<redacted-username>/.config/chromium/NativeMessagingHosts/com.1password.1password.json
INFO  2025-11-09T02:33:59.338+00:00 ThreadId(18) [1P:native-messaging/op-nm-installer/src/nix_utils.rs:68] Created NMH manifest at /home/<redacted-username>/.config/microsoft-edge-dev/NativeMessagingHosts/com.1password.1password.json
INFO  2025-11-09T02:33:59.338+00:00 ThreadId(18) [1P:native-messaging/op-nm-installer/src/nix_utils.rs:68] Created NMH manifest at /home/<redacted-username>/.config/BraveSoftware/Brave-Browser/NativeMessagingHosts/com.1password.1password.json
INFO  2025-11-09T02:33:59.338+00:00 ThreadId(18) [1P:native-messaging/op-nm-installer/src/nix_utils.rs:68] Created NMH manifest at /home/<redacted-username>/.config/vivaldi/NativeMessagingHosts/com.1password.1password.json
INFO  2025-11-09T02:33:59.339+00:00 ThreadId(18) [1P:native-messaging/op-nm-installer/src/nix_utils.rs:68] Created NMH manifest at /home/<redacted-username>/.config/vivaldi-snapshot/NativeMessagingHosts/com.1password.1password.json
INFO  2025-11-09T02:33:59.339+00:00 ThreadId(18) [1P:native-messaging/op-nm-installer/src/nix_utils.rs:68] Created NMH manifest at /home/<redacted-username>/.mozilla/native-messaging-hosts/com.1password.1password.json
INFO  2025-11-09T02:33:59.339+00:00 ThreadId(18) [1P:native-messaging/op-nm-installer/src/nix_utils.rs:83] Successfully installed all native messaging manifests.
INFO  2025-11-09T02:33:59.339+00:00 runtime-worker(ThreadId(15)) [1P:op-global-shortcuts/src/node.rs:38] Global shortcut registration is not available on this system.
INFO  2025-11-09T02:33:59.339+00:00 runtime-worker(ThreadId(16)) [1P:op-global-shortcuts/src/node.rs:38] Global shortcut registration is not available on this system.
INFO  2025-11-09T02:33:59.339+00:00 runtime-worker(ThreadId(7)) [1P:native-messaging/op-nm-installer/src/nix_utils.rs:68] Created NMH manifest at /home/<redacted-username>/.config/google-chrome/NativeMessagingHosts/com.1password.1password.json
INFO  2025-11-09T02:33:59.339+00:00 runtime-worker(ThreadId(7)) [1P:native-messaging/op-nm-installer/src/nix_utils.rs:68] Created NMH manifest at /home/<redacted-username>/.config/google-chrome-beta/NativeMessagingHosts/com.1password.1password.json
INFO  2025-11-09T02:33:59.339+00:00 runtime-worker(ThreadId(7)) [1P:native-messaging/op-nm-installer/src/nix_utils.rs:68] Created NMH manifest at /home/<redacted-username>/.config/google-chrome-unstable/NativeMessagingHosts/com.1password.1password.json
INFO  2025-11-09T02:33:59.339+00:00 runtime-worker(ThreadId(7)) [1P:native-messaging/op-nm-installer/src/nix_utils.rs:68] Created NMH manifest at /home/<redacted-username>/.config/chromium/NativeMessagingHosts/com.1password.1password.json
INFO  2025-11-09T02:33:59.339+00:00 runtime-worker(ThreadId(7)) [1P:native-messaging/op-nm-installer/src/nix_utils.rs:68] Created NMH manifest at /home/<redacted-username>/.config/microsoft-edge-dev/NativeMessagingHosts/com.1password.1password.json
INFO  2025-11-09T02:33:59.339+00:00 runtime-worker(ThreadId(7)) [1P:native-messaging/op-nm-installer/src/nix_utils.rs:68] Created NMH manifest at /home/<redacted-username>/.config/BraveSoftware/Brave-Browser/NativeMessagingHosts/com.1password.1password.json
INFO  2025-11-09T02:33:59.339+00:00 runtime-worker(ThreadId(7)) [1P:native-messaging/op-nm-installer/src/nix_utils.rs:68] Created NMH manifest at /home/<redacted-username>/.config/vivaldi/NativeMessagingHosts/com.1password.1password.json
INFO  2025-11-09T02:33:59.339+00:00 runtime-worker(ThreadId(7)) [1P:native-messaging/op-nm-installer/src/nix_utils.rs:68] Created NMH manifest at /home/<redacted-username>/.config/vivaldi-snapshot/NativeMessagingHosts/com.1password.1password.json
INFO  2025-11-09T02:33:59.339+00:00 runtime-worker(ThreadId(7)) [1P:native-messaging/op-nm-installer/src/nix_utils.rs:68] Created NMH manifest at /home/<redacted-username>/.mozilla/native-messaging-hosts/com.1password.1password.json
INFO  2025-11-09T02:33:59.339+00:00 runtime-worker(ThreadId(7)) [1P:native-messaging/op-nm-installer/src/nix_utils.rs:83] Successfully installed all native messaging manifests.
INFO  2025-11-09T02:33:59.341+00:00 ThreadId(18) [1P:app/op-app/src/app.rs:1688] initializing Developer Environment mount handler
INFO  2025-11-09T02:33:59.342+00:00 runtime-worker(ThreadId(16)) [1P:app/op-app-common/src/unlocked_session_keepalive.rs:70] Starting unlocked session keepalive
ERROR 2025-11-09T02:33:59.343+00:00 runtime-worker(ThreadId(16)) [1P:native-messaging/op-native-core-integration/src/lib.rs:618] Listener on SETTING_STATUS has been dropped, unable to communicate changes made to browser SLS setting
INFO  2025-11-09T02:33:59.343+00:00 runtime-worker(ThreadId(1)) [1P:native-messaging/op-native-core-integration/src/lib.rs:428] Starting IPC listener on 1Password-BrowserSupport
ERROR 2025-11-09T02:33:59.343+00:00 ThreadId(18) [1P:ffi/op-core-node/src/lib.rs:558] Io(Os { code: 2, kind: NotFound, message: "No such file or directory" })
INFO  2025-11-09T02:33:59.343+00:00 runtime-worker(ThreadId(15)) [1P:native-messaging/op-native-core-integration/src/lib.rs:440] Active native core integration is awaiting messages
INFO  2025-11-09T02:33:59.344+00:00 runtime-worker(ThreadId(15)) [1P:ssh/op-agent-controller/src/lib.rs:573] Starting filesystem watcher for SSH agent configuration directories...
ERROR 2025-11-09T02:33:59.344+00:00 runtime-worker(ThreadId(15)) [1P:/mnt/ephemeral/builds/dev/core/core/ssh/op-agent-controller/src/lib.rs:574] Io(Os { code: 2, kind: NotFound, message: "No such file or directory" })
INFO  2025-11-09T02:33:59.585+00:00 runtime-worker(ThreadId(10)) [1P:app/op-app/src/app/backend/lock_screen.rs:96] System unlock is enabled: true
INFO  2025-11-09T02:33:59.585+00:00 runtime-worker(ThreadId(10)) [1P:app/op-app/src/app/backend/lock_screen.rs:124] Sys auth status NotSetup
INFO  2025-11-09T02:34:03.277+00:00 runtime-worker(ThreadId(10)) [1P:app/op-app/src/app/backend/lock_screen.rs:96] System unlock is enabled: true
INFO  2025-11-09T02:34:03.374+00:00 runtime-worker(ThreadId(10)) [1P:/mnt/ephemeral/builds/dev/core/core/data/ext/op-account-ext-settings-authentication/src/lib.rs:242] loaded settings authentication key: f9a064706989f65e
INFO  2025-11-09T02:34:03.385+00:00 runtime-worker(ThreadId(16)) [1P:data/ext/op-account-ext-items/src/lib.rs:270] loaded 1651 items in 5 vaults for account: 7EOOQQ34TRDAZBLR5WAKFHJS3U
INFO  2025-11-09T02:34:03.386+00:00 runtime-worker(ThreadId(10)) [1P:op-telemetry/src/middleware/opt_state.rs:122] op-telemetry: account uuid '7EOOQQ34TRDAZBLR5WAKFHJS3U' changed telemetry state to Decided(Out)
INFO  2025-11-09T02:34:03.386+00:00 runtime-worker(ThreadId(11)) [1P:op-settings/src/store/policies.rs:131] Notifying settings changed due to b5 policies.
ERROR 2025-11-09T02:34:03.387+00:00 runtime-worker(ThreadId(16)) [1P:op-auto-lock/src/linux.rs:220] Could not connect to the X server: XcbEventError
INFO  2025-11-09T02:34:03.387+00:00 runtime-worker(ThreadId(16)) [1P:data/ext/op-account-ext-settings-authentication/src/lib.rs:323] exactly one existing key found (f9a064706989f65e). Applying it to any new accounts
INFO  2025-11-09T02:34:03.387+00:00 runtime-worker(ThreadId(16)) [1P:op-settings/src/store/json_store.rs:787] initializing settings authentication with key f9a064706989f65e
INFO  2025-11-09T02:34:03.387+00:00 runtime-worker(ThreadId(16)) [1P:app/op-app/src/app/backend/unlock.rs:192] Lock state changed: Unlocked
INFO  2025-11-09T02:34:03.387+00:00 runtime-worker(ThreadId(16)) [1P:app/op-app/src/app/backend/essential_setup.rs:190] SLS Migration Result: NotRequired
INFO  2025-11-09T02:34:03.481+00:00 runtime-worker(ThreadId(12)) [1P:data/op-account-system-unlock/src/lib.rs:806] Adding system unlock key. Verifying keysets can be decrypted.
INFO  2025-11-09T02:34:03.483+00:00 runtime-worker(ThreadId(12)) [1P:data/op-account-system-unlock/src/lib.rs:812] Adding system unlock key. Encrypting muk.
INFO  2025-11-09T02:34:03.483+00:00 ThreadId(23) [1P:data/op-account-system-unlock/src/lib.rs:818] Adding system unlock key. Updating account.
INFO  2025-11-09T02:34:03.537+00:00 runtime-worker(ThreadId(26)) [1P:app/op-app/src/app/backend/quick_access.rs:186] Getting suggestions for quick access
INFO  2025-11-09T02:34:03.543+00:00 runtime-worker(ThreadId(20)) [1P:app/op-app/src/app/backend/quick_access.rs:186] Getting suggestions for quick access
INFO  2025-11-09T02:34:03.613+00:00 runtime-worker(ThreadId(16)) [1P:app/op-app/src/app/backend/unlock.rs:221] Processing unlocked account 7EOOQQ34TRDAZBLR5WAKFHJS3U
INFO  2025-11-09T02:34:04.050+00:00 runtime-worker(ThreadId(16)) [1P:op-b5-client/src/internal/unauthorized_session/auth_flow.rs:992] Skipping MFA because server did not return MFA config
INFO  2025-11-09T02:34:04.227+00:00 runtime-worker(ThreadId(1)) [1P:data/ext/op-account-ext-syncer/src/lib.rs:254] The B5 Notifier for (7EOOQQ34TRDAZBLR5WAKFHJS3U) has connected, now monitoring for events.
ERROR 2025-11-09T02:34:04.664+00:00 runtime-worker(ThreadId(11)) [1P:data/op-syncer/src/system_vault.rs:29] Error creating system vault for account (7EOOQQ34TRDAZBLR5WAKFHJS3U): FetchDataError(FetchError(<unknown reason>, code: HttpStatus(400), Session ID: Some(Session ID: NT37TCLC7ZGKTMA3SY532Q7CCQ)))
INFO  2025-11-09T02:34:04.664+00:00 runtime-worker(ThreadId(11)) [1P:data/op-syncer/src/sync_job.rs:484] synced account 7EOOQQ34TRDAZBLR5WAKFHJS3U (0.408481243s)
INFO  2025-11-09T02:34:04.664+00:00 runtime-worker(ThreadId(11)) [1P:op-file-transfer/src/lib.rs:715] find_and_complete_pending_uploads: '7EOOQQ34TRDAZBLR5WAKFHJS3U'
INFO  2025-11-09T02:34:04.675+00:00 runtime-worker(ThreadId(27)) [1P:app/op-app/src/app/backend/quick_access.rs:186] Getting suggestions for quick access
INFO  2025-11-09T02:39:37.429+00:00 runtime-worker(ThreadId(11)) [1P:app/op-app/src/app/backend/frontend.rs:22] Front end event: window closed
